#
# There is insufficient memory for the Java Runtime Environment to continue.
# Native memory allocation (malloc) failed to allocate 1051136 bytes for Chunk::new
# Possible reasons:
#   The system is out of physical RAM or swap space
#   The process is running with CompressedOops enabled, and the Java Heap may be blocking the growth of the native heap
# Possible solutions:
#   Reduce memory load on the system
#   Increase physical memory or swap space
#   Check if swap backing store is full
#   Decrease Java heap size (-Xmx/-Xms)
#   Decrease number of Java threads
#   Decrease Java thread stack sizes (-Xss)
#   Set larger code cache with -XX:ReservedCodeCacheSize=
#   JVM is running with Unscaled Compressed Oops mode in which the Java heap is
#     placed in the first 4GB address space. The Java Heap base address is the
#     maximum limit for the native heap growth. Please use -XX:HeapBaseMinAddress
#     to set the Java Heap base and to place the Java Heap above 4GB virtual address.
# This output file may be truncated or incomplete.
#
#  Out of Memory Error (allocation.cpp:389), pid=7460, tid=0x0000000000002e94
#
# JRE version: Java(TM) SE Runtime Environment (8.0_261-b12) (build 1.8.0_261-b12)
# Java VM: Java HotSpot(TM) 64-Bit Server VM (25.261-b12 mixed mode windows-amd64 compressed oops)
# Failed to write core dump. Minidumps are not enabled by default on client versions of Windows
#

---------------  T H R E A D  ---------------

Current thread (0x000001f99df25000):  JavaThread "C2 CompilerThread1" daemon [_thread_in_native, id=11924, stack(0x000000bf27900000,0x000000bf27a00000)]

Stack: [0x000000bf27900000,0x000000bf27a00000]
Native frames: (J=compiled Java code, j=interpreted, Vv=VM code, C=native code)
V  [jvm.dll+0x33e5f9]


Current CompileTask:
C2:7313106 27796 %     4       com.android.tools.r8.dex.JumboStringRewriter::rewrite @ 1471 (3924 bytes)


---------------  P R O C E S S  ---------------

Java Threads: ( => current thread )
  0x000001f99dfce000 JavaThread "ForkJoinPool-3-worker-0" daemon [_thread_blocked, id=15176, stack(0x000000bf2b400000,0x000000bf2b500000)]
  0x000001f99fa42800 JavaThread "ForkJoinPool-3-worker-2" daemon [_thread_blocked, id=14460, stack(0x000000bf2b200000,0x000000bf2b300000)]
  0x000001f99fa3c000 JavaThread "ForkJoinPool-3-worker-1" daemon [_thread_in_Java, id=18444, stack(0x000000bf2b100000,0x000000bf2b200000)]
  0x000001f99dfcf800 JavaThread "WorkerExecutor Queue Thread 5" [_thread_blocked, id=25860, stack(0x000000bf2ad00000,0x000000bf2ae00000)]
  0x000001f99dfd9800 JavaThread "stdout" [_thread_in_native, id=13148, stack(0x000000bf2ab00000,0x000000bf2ac00000)]
  0x000001f99dfd8800 JavaThread "stderr" [_thread_in_native, id=9540, stack(0x000000bf2aa00000,0x000000bf2ab00000)]
  0x000001f99dfd3800 JavaThread "stdout" [_thread_in_native, id=12160, stack(0x000000bf2a900000,0x000000bf2aa00000)]
  0x000001f99dfd8000 JavaThread "stderr" [_thread_in_native, id=15052, stack(0x000000bf2a800000,0x000000bf2a900000)]
  0x000001f99dfd4000 JavaThread "stdout" [_thread_in_native, id=21488, stack(0x000000bf2a700000,0x000000bf2a800000)]
  0x000001f99dfd0800 JavaThread "stderr" [_thread_in_native, id=15112, stack(0x000000bf2a600000,0x000000bf2a700000)]
  0x000001f99dfd7000 JavaThread "stdout" [_thread_in_native, id=20060, stack(0x000000bf2a500000,0x000000bf2a600000)]
  0x000001f99dfd6800 JavaThread "stderr" [_thread_in_native, id=24400, stack(0x000000bf2a400000,0x000000bf2a500000)]
  0x000001f99dfcb000 JavaThread "pool-3-thread-1" [_thread_blocked, id=19852, stack(0x000000bf2a200000,0x000000bf2a300000)]
  0x000001f9a0878800 JavaThread "Cache worker for Java compile cache (D:\Nstek\MultiToys\android\.gradle\6.2\javaCompile)" [_thread_blocked, id=5572, stack(0x000000bf2a000000,0x000000bf2a100000)]
  0x000001f9a087a000 JavaThread "Cache worker for Java compile cache (C:\Users\lenovo\.gradle\caches\6.2\javaCompile)" [_thread_blocked, id=13036, stack(0x000000bf29d00000,0x000000bf29e00000)]
  0x000001f9a0877000 JavaThread "WorkerExecutor Queue Thread 4" [_thread_blocked, id=15272, stack(0x000000bf29c00000,0x000000bf29d00000)]
  0x000001f9a0879800 JavaThread "WorkerExecutor Queue Thread 3" [_thread_in_native, id=6064, stack(0x000000bf29b00000,0x000000bf29c00000)]
  0x000001f9a087c800 JavaThread "WorkerExecutor Queue" [_thread_blocked, id=6680, stack(0x000000bf29900000,0x000000bf29a00000)]
  0x000001f9a087e000 JavaThread "Cache worker for execution history cache (D:\Nstek\MultiToys\android\.gradle\6.2\executionHistory)" [_thread_blocked, id=3600, stack(0x000000bf29700000,0x000000bf29800000)]
  0x000001f9a0d36800 JavaThread "Execution worker for ':' Thread 3" [_thread_blocked, id=26348, stack(0x000000bf29600000,0x000000bf29700000)]
  0x000001f9a0d36000 JavaThread "Execution worker for ':' Thread 2" [_thread_blocked, id=18560, stack(0x000000bf29500000,0x000000bf29600000)]
  0x000001f9a0d2d000 JavaThread "Execution worker for ':'" [_thread_blocked, id=19664, stack(0x000000bf29300000,0x000000bf29400000)]
  0x000001f9a0d2c000 JavaThread "Cache worker for file content cache (D:\Nstek\MultiToys\android\.gradle\6.2\fileContent)" [_thread_blocked, id=6852, stack(0x000000bf29200000,0x000000bf29300000)]
  0x000001f9a0d2b800 JavaThread "Cache worker for Build Output Cleanup Cache (D:\Nstek\MultiToys\android\.gradle\buildOutputCleanup)" [_thread_blocked, id=23488, stack(0x000000bf29100000,0x000000bf29200000)]
  0x000001f9a0d2a800 JavaThread "Build operations Thread 4" [_thread_blocked, id=14268, stack(0x000000bf29000000,0x000000bf29100000)]
  0x000001f9a0d31800 JavaThread "Build operations Thread 3" [_thread_blocked, id=672, stack(0x000000bf28f00000,0x000000bf29000000)]
  0x000001f9a0d30800 JavaThread "Build operations Thread 2" [_thread_blocked, id=6088, stack(0x000000bf28d00000,0x000000bf28e00000)]
  0x000001f9a0d29000 JavaThread "Build operations" [_thread_blocked, id=23600, stack(0x000000bf28c00000,0x000000bf28d00000)]
  0x000001f9a2995800 JavaThread "Cache worker for cache directory md-rule (C:\Users\lenovo\.gradle\caches\6.2\md-rule)" [_thread_blocked, id=10704, stack(0x000000bf28b00000,0x000000bf28c00000)]
  0x000001f9a2995000 JavaThread "Cache worker for cache directory md-supplier (C:\Users\lenovo\.gradle\caches\6.2\md-supplier)" [_thread_blocked, id=20788, stack(0x000000bf28a00000,0x000000bf28b00000)]
  0x000001f9a2994000 JavaThread "Cache worker for file hash cache (D:\Nstek\MultiToys\android\.gradle\6.2\fileHashes)" [_thread_blocked, id=18476, stack(0x000000bf28600000,0x000000bf28700000)]
  0x000001f9a2993800 JavaThread "Cache worker for checksums cache (D:\Nstek\MultiToys\android\.gradle\checksums)" [_thread_blocked, id=13004, stack(0x000000bf28500000,0x000000bf28600000)]
  0x000001f9a2992800 JavaThread "Thread-39" [_thread_blocked, id=14224, stack(0x000000bf28400000,0x000000bf28500000)]
  0x000001f9a2988800 JavaThread "Stdin handler" [_thread_blocked, id=16244, stack(0x000000bf28300000,0x000000bf28400000)]
  0x000001f9a298b000 JavaThread "Asynchronous log dispatcher for DefaultDaemonConnection: socket connection from /127.0.0.1:56217 to /127.0.0.1:61559" [_thread_blocked, id=19256, stack(0x000000bf28200000,0x000000bf28300000)]
  0x000001f9a298a800 JavaThread "Daemon worker Thread 2" [_thread_blocked, id=26100, stack(0x000000bf28100000,0x000000bf28200000)]
  0x000001f9a2987000 JavaThread "Cancel handler" [_thread_blocked, id=26252, stack(0x000000bf28000000,0x000000bf28100000)]
  0x000001f9a298e000 JavaThread "Handler for socket connection from /127.0.0.1:56217 to /127.0.0.1:61559" [_thread_in_native, id=9452, stack(0x000000bf26d00000,0x000000bf26e00000)]
  0x000001f9a298d800 JavaThread "Daemon Thread 2" [_thread_blocked, id=17708, stack(0x000000bf26c00000,0x000000bf26d00000)]
  0x000001f9a2996800 JavaThread "AWT-Windows" daemon [_thread_in_native, id=15708, stack(0x000000bf2a300000,0x000000bf2a400000)]
  0x000001f9a2992000 JavaThread "Java2D Disposer" daemon [_thread_blocked, id=18880, stack(0x000000bf2a100000,0x000000bf2a200000)]
  0x000001f9a2991000 JavaThread "Device List Monitor" [_thread_in_native, id=4824, stack(0x000000bf29f00000,0x000000bf2a000000)]
  0x000001f9a2989800 JavaThread "Monitor" [_thread_in_native, id=21416, stack(0x000000bf29e00000,0x000000bf29f00000)]
  0x000001f9a0d2f000 JavaThread "Cache worker for file content cache (C:\Users\lenovo\.gradle\caches\6.2\fileContent)" [_thread_blocked, id=20380, stack(0x000000bf29800000,0x000000bf29900000)]
  0x000001f9a0d32000 JavaThread "Memory manager" [_thread_blocked, id=20836, stack(0x000000bf29400000,0x000000bf29500000)]
  0x000001f9a0d2e800 JavaThread "Cache worker for execution history cache (C:\Users\lenovo\.gradle\caches\6.2\executionHistory)" [_thread_blocked, id=14560, stack(0x000000bf28e00000,0x000000bf28f00000)]
  0x000001f9a0d2a000 JavaThread "Cache worker for file hash cache (C:\Users\lenovo\.gradle\caches\6.2\fileHashes)" [_thread_blocked, id=7280, stack(0x000000bf28900000,0x000000bf28a00000)]
  0x000001f9a0d28800 JavaThread "File lock request listener" [_thread_in_native, id=24004, stack(0x000000bf28800000,0x000000bf28900000)]
  0x000001f9a087d000 JavaThread "Cache worker for journal cache (C:\Users\lenovo\.gradle\caches\journal-1)" [_thread_blocked, id=6888, stack(0x000000bf28700000,0x000000bf28800000)]
  0x000001f9a087b800 JavaThread "Daemon periodic checks" [_thread_blocked, id=1632, stack(0x000000bf27f00000,0x000000bf28000000)]
  0x000001f9a0878000 JavaThread "Incoming local TCP Connector on port 56217" [_thread_in_native, id=4660, stack(0x000000bf27e00000,0x000000bf27f00000)]
  0x000001f9a0906800 JavaThread "Daemon health stats" [_thread_blocked, id=8716, stack(0x000000bf27d00000,0x000000bf27e00000)]
  0x000001f99dfda800 JavaThread "Service Thread" daemon [_thread_blocked, id=21012, stack(0x000000bf27b00000,0x000000bf27c00000)]
  0x000001f99df78800 JavaThread "C1 CompilerThread2" daemon [_thread_blocked, id=25388, stack(0x000000bf27a00000,0x000000bf27b00000)]
=>0x000001f99df25000 JavaThread "C2 CompilerThread1" daemon [_thread_in_native, id=11924, stack(0x000000bf27900000,0x000000bf27a00000)]
  0x000001f99df21800 JavaThread "C2 CompilerThread0" daemon [_thread_in_native, id=9972, stack(0x000000bf27800000,0x000000bf27900000)]
  0x000001f99df20800 JavaThread "Attach Listener" daemon [_thread_blocked, id=22368, stack(0x000000bf27700000,0x000000bf27800000)]
  0x000001f99df20000 JavaThread "Signal Dispatcher" daemon [_thread_blocked, id=24340, stack(0x000000bf27600000,0x000000bf27700000)]
  0x000001f99d7c8000 JavaThread "Finalizer" daemon [_thread_blocked, id=23472, stack(0x000000bf27500000,0x000000bf27600000)]
  0x000001f99df06000 JavaThread "Reference Handler" daemon [_thread_blocked, id=6920, stack(0x000000bf27400000,0x000000bf27500000)]
  0x000001f98af47000 JavaThread "main" [_thread_blocked, id=1112, stack(0x000000bf26e00000,0x000000bf26f00000)]

Other Threads:
  0x000001f99dee2800 VMThread [stack: 0x000000bf27300000,0x000000bf27400000] [id=9092]
  0x000001f99dfde800 WatcherThread [stack: 0x000000bf27c00000,0x000000bf27d00000] [id=21592]

VM state:not at safepoint (normal execution)

VM Mutex/Monitor currently owned by a thread: None

heap address: 0x00000000e0000000, size: 512 MB, Compressed Oops mode: 32-bit
Narrow klass base: 0x0000000000000000, Narrow klass shift: 3
Compressed class space size: 1073741824 Address: 0x0000000100000000

Heap:
 PSYoungGen      total 122368K, used 63016K [0x00000000f5580000, 0x0000000100000000, 0x0000000100000000)
  eden space 70144K, 75% used [0x00000000f5580000,0x00000000f8929548,0x00000000f9a00000)
  from space 52224K, 19% used [0x00000000f9a00000,0x00000000fa3e0d70,0x00000000fcd00000)
  to   space 50176K, 0% used [0x00000000fcf00000,0x00000000fcf00000,0x0000000100000000)
 ParOldGen       total 321024K, used 224521K [0x00000000e0000000, 0x00000000f3980000, 0x00000000f5580000)
  object space 321024K, 69% used [0x00000000e0000000,0x00000000edb42570,0x00000000f3980000)
 Metaspace       used 112743K, capacity 120932K, committed 121344K, reserved 1155072K
  class space    used 14733K, capacity 16528K, committed 16640K, reserved 1048576K

Card table byte_map: [0x000001f99bc10000,0x000001f99bd20000] byte_map_base: 0x000001f99b510000

Marking Bits: (ParMarkBitMap*) 0x000000006fbd4fb0
 Begin Bits: [0x000001f99bdd0000, 0x000001f99c5d0000)
 End Bits:   [0x000001f99c5d0000, 0x000001f99cdd0000)

Polling page: 0x000001f98aec0000

CodeCache: size=245760Kb used=75461Kb max_used=75474Kb free=170298Kb
 bounds [0x000001f98c850000, 0x000001f991270000, 0x000001f99b850000]
 total_blobs=22951 nmethods=21968 adapters=892
 compilation: enabled

Compilation events (10 events):
Event: 7313.063 Thread 0x000001f99df21800 nmethod 27835 0x000001f99125f790 code [0x000001f99125fb20, 0x000001f991262e00]
Event: 7313.063 Thread 0x000001f99df21800 27842       4       com.android.tools.r8.graph.DexValue$DexValueArray::equals (31 bytes)
Event: 7313.066 Thread 0x000001f99df21800 nmethod 27842 0x000001f991245cd0 code [0x000001f991245e20, 0x000001f991246018]
Event: 7313.066 Thread 0x000001f99df21800 27844       4       com.android.tools.r8.graph.DexValue$NestedDexValue::equals (52 bytes)
Event: 7313.073 Thread 0x000001f99df21800 nmethod 27844 0x000001f99124fd50 code [0x000001f99124fec0, 0x000001f9912501f8]
Event: 7313.073 Thread 0x000001f99df21800 27822       4       com.android.tools.r8.graph.DexDebugInfo::b (55 bytes)
Event: 7313.084 Thread 0x000001f99df21800 nmethod 27822 0x000001f9912515d0 code [0x000001f991251720, 0x000001f991251bb8]
Event: 7313.084 Thread 0x000001f99df21800 27846 %     4       com.android.tools.r8.n.a.a.a.h.N::d @ 74 (326 bytes)
Event: 7313.099 Thread 0x000001f99df21800 nmethod 27846% 0x000001f99124e550 code [0x000001f99124e720, 0x000001f99124f2b8]
Event: 7313.099 Thread 0x000001f99df21800 27815       4       com.android.tools.r8.graph.DexAnnotation::equals (52 bytes)

GC Heap History (10 events):
Event: 7304.819 GC heap before
{Heap before GC invocations=54 (full 4):
 PSYoungGen      total 139264K, used 139047K [0x00000000f5580000, 0x00000000ffd00000, 0x0000000100000000)
  eden space 132608K, 100% used [0x00000000f5580000,0x00000000fd700000,0x00000000fd700000)
  from space 6656K, 96% used [0x00000000fd700000,0x00000000fdd49f38,0x00000000fdd80000)
  to   space 19456K, 0% used [0x00000000fea00000,0x00000000fea00000,0x00000000ffd00000)
 ParOldGen       total 304128K, used 243404K [0x00000000e0000000, 0x00000000f2900000, 0x00000000f5580000)
  object space 304128K, 80% used [0x00000000e0000000,0x00000000eedb3298,0x00000000f2900000)
 Metaspace       used 112290K, capacity 120494K, committed 120576K, reserved 1153024K
  class space    used 14737K, capacity 16567K, committed 16640K, reserved 1048576K
Event: 7304.829 GC heap after
Heap after GC invocations=54 (full 4):
 PSYoungGen      total 152576K, used 4424K [0x00000000f5580000, 0x0000000100000000, 0x0000000100000000)
  eden space 133120K, 0% used [0x00000000f5580000,0x00000000f5580000,0x00000000fd780000)
  from space 19456K, 22% used [0x00000000fea00000,0x00000000fee520e8,0x00000000ffd00000)
  to   space 18944K, 0% used [0x00000000fd780000,0x00000000fd780000,0x00000000fea00000)
 ParOldGen       total 304128K, used 244045K [0x00000000e0000000, 0x00000000f2900000, 0x00000000f5580000)
  object space 304128K, 80% used [0x00000000e0000000,0x00000000eee53530,0x00000000f2900000)
 Metaspace       used 112290K, capacity 120494K, committed 120576K, reserved 1153024K
  class space    used 14737K, capacity 16567K, committed 16640K, reserved 1048576K
}
Event: 7305.872 GC heap before
{Heap before GC invocations=55 (full 4):
 PSYoungGen      total 152576K, used 137544K [0x00000000f5580000, 0x0000000100000000, 0x0000000100000000)
  eden space 133120K, 100% used [0x00000000f5580000,0x00000000fd780000,0x00000000fd780000)
  from space 19456K, 22% used [0x00000000fea00000,0x00000000fee520e8,0x00000000ffd00000)
  to   space 18944K, 0% used [0x00000000fd780000,0x00000000fd780000,0x00000000fea00000)
 ParOldGen       total 304128K, used 244045K [0x00000000e0000000, 0x00000000f2900000, 0x00000000f5580000)
  object space 304128K, 80% used [0x00000000e0000000,0x00000000eee53530,0x00000000f2900000)
 Metaspace       used 112705K, capacity 121024K, committed 121088K, reserved 1153024K
  class space    used 14777K, capacity 16582K, committed 16640K, reserved 1048576K
Event: 7305.980 GC heap after
Heap after GC invocations=55 (full 4):
 PSYoungGen      total 152064K, used 18921K [0x00000000f5580000, 0x0000000100000000, 0x0000000100000000)
  eden space 133120K, 0% used [0x00000000f5580000,0x00000000f5580000,0x00000000fd780000)
  from space 18944K, 99% used [0x00000000fd780000,0x00000000fe9fa600,0x00000000fea00000)
  to   space 22528K, 0% used [0x00000000fea00000,0x00000000fea00000,0x0000000100000000)
 ParOldGen       total 304128K, used 275120K [0x00000000e0000000, 0x00000000f2900000, 0x00000000f5580000)
  object space 304128K, 90% used [0x00000000e0000000,0x00000000f0cac0a8,0x00000000f2900000)
 Metaspace       used 112705K, capacity 121024K, committed 121088K, reserved 1153024K
  class space    used 14777K, capacity 16582K, committed 16640K, reserved 1048576K
}
Event: 7307.696 GC heap before
{Heap before GC invocations=56 (full 4):
 PSYoungGen      total 152064K, used 152041K [0x00000000f5580000, 0x0000000100000000, 0x0000000100000000)
  eden space 133120K, 100% used [0x00000000f5580000,0x00000000fd780000,0x00000000fd780000)
  from space 18944K, 99% used [0x00000000fd780000,0x00000000fe9fa600,0x00000000fea00000)
  to   space 22528K, 0% used [0x00000000fea00000,0x00000000fea00000,0x0000000100000000)
 ParOldGen       total 304128K, used 275120K [0x00000000e0000000, 0x00000000f2900000, 0x00000000f5580000)
  object space 304128K, 90% used [0x00000000e0000000,0x00000000f0cac0a8,0x00000000f2900000)
 Metaspace       used 112835K, capacity 121222K, committed 121344K, reserved 1155072K
  class space    used 14785K, capacity 16619K, committed 16640K, reserved 1048576K
Event: 7307.821 GC heap after
Heap after GC invocations=56 (full 4):
 PSYoungGen      total 92672K, used 22523K [0x00000000f5580000, 0x0000000100000000, 0x0000000100000000)
  eden space 70144K, 0% used [0x00000000f5580000,0x00000000f5580000,0x00000000f9a00000)
  from space 22528K, 99% used [0x00000000fea00000,0x00000000ffffef68,0x0000000100000000)
  to   space 52224K, 0% used [0x00000000f9a00000,0x00000000f9a00000,0x00000000fcd00000)
 ParOldGen       total 321024K, used 320214K [0x00000000e0000000, 0x00000000f3980000, 0x00000000f5580000)
  object space 321024K, 99% used [0x00000000e0000000,0x00000000f38b59a8,0x00000000f3980000)
 Metaspace       used 112835K, capacity 121222K, committed 121344K, reserved 1155072K
  class space    used 14785K, capacity 16619K, committed 16640K, reserved 1048576K
}
Event: 7307.822 GC heap before
{Heap before GC invocations=57 (full 5):
 PSYoungGen      total 92672K, used 22523K [0x00000000f5580000, 0x0000000100000000, 0x0000000100000000)
  eden space 70144K, 0% used [0x00000000f5580000,0x00000000f5580000,0x00000000f9a00000)
  from space 22528K, 99% used [0x00000000fea00000,0x00000000ffffef68,0x0000000100000000)
  to   space 52224K, 0% used [0x00000000f9a00000,0x00000000f9a00000,0x00000000fcd00000)
 ParOldGen       total 321024K, used 320214K [0x00000000e0000000, 0x00000000f3980000, 0x00000000f5580000)
  object space 321024K, 99% used [0x00000000e0000000,0x00000000f38b59a8,0x00000000f3980000)
 Metaspace       used 112835K, capacity 121222K, committed 121344K, reserved 1155072K
  class space    used 14785K, capacity 16619K, committed 16640K, reserved 1048576K
Event: 7310.921 GC heap after
Heap after GC invocations=57 (full 5):
 PSYoungGen      total 92672K, used 0K [0x00000000f5580000, 0x0000000100000000, 0x0000000100000000)
  eden space 70144K, 0% used [0x00000000f5580000,0x00000000f5580000,0x00000000f9a00000)
  from space 22528K, 0% used [0x00000000fea00000,0x00000000fea00000,0x0000000100000000)
  to   space 52224K, 0% used [0x00000000f9a00000,0x00000000f9a00000,0x00000000fcd00000)
 ParOldGen       total 321024K, used 224513K [0x00000000e0000000, 0x00000000f3980000, 0x00000000f5580000)
  object space 321024K, 69% used [0x00000000e0000000,0x00000000edb40570,0x00000000f3980000)
 Metaspace       used 112677K, capacity 120894K, committed 121344K, reserved 1155072K
  class space    used 14728K, capacity 16521K, committed 16640K, reserved 1048576K
}
Event: 7311.723 GC heap before
{Heap before GC invocations=58 (full 5):
 PSYoungGen      total 92672K, used 70144K [0x00000000f5580000, 0x0000000100000000, 0x0000000100000000)
  eden space 70144K, 100% used [0x00000000f5580000,0x00000000f9a00000,0x00000000f9a00000)
  from space 22528K, 0% used [0x00000000fea00000,0x00000000fea00000,0x0000000100000000)
  to   space 52224K, 0% used [0x00000000f9a00000,0x00000000f9a00000,0x00000000fcd00000)
 ParOldGen       total 321024K, used 224513K [0x00000000e0000000, 0x00000000f3980000, 0x00000000f5580000)
  object space 321024K, 69% used [0x00000000e0000000,0x00000000edb40570,0x00000000f3980000)
 Metaspace       used 112679K, capacity 120894K, committed 121344K, reserved 1155072K
  class space    used 14728K, capacity 16521K, committed 16640K, reserved 1048576K
Event: 7311.750 GC heap after
Heap after GC invocations=58 (full 5):
 PSYoungGen      total 122368K, used 10115K [0x00000000f5580000, 0x0000000100000000, 0x0000000100000000)
  eden space 70144K, 0% used [0x00000000f5580000,0x00000000f5580000,0x00000000f9a00000)
  from space 52224K, 19% used [0x00000000f9a00000,0x00000000fa3e0d70,0x00000000fcd00000)
  to   space 50176K, 0% used [0x00000000fcf00000,0x00000000fcf00000,0x0000000100000000)
 ParOldGen       total 321024K, used 224521K [0x00000000e0000000, 0x00000000f3980000, 0x00000000f5580000)
  object space 321024K, 69% used [0x00000000e0000000,0x00000000edb42570,0x00000000f3980000)
 Metaspace       used 112679K, capacity 120894K, committed 121344K, reserved 1155072K
  class space    used 14728K, capacity 16521K, committed 16640K, reserved 1048576K
}

Deoptimization events (10 events):
Event: 7306.968 Thread 0x000001f9a087c800 Uncommon trap: reason=unstable_if action=reinterpret pc=0x000001f99011769c method=com.android.tools.r8.graph.DexString.slowCompareTo(Lcom/android/tools/r8/graph/DexString;)I @ 57
Event: 7306.968 Thread 0x000001f9a087c800 Uncommon trap: reason=unstable_if action=reinterpret pc=0x000001f98ebcde8c method=com.android.tools.r8.graph.DexString.slowCompareTo(Lcom/android/tools/r8/graph/DexString;)I @ 57
Event: 7312.270 Thread 0x000001f9a0879800 Uncommon trap: reason=unstable_if action=reinterpret pc=0x000001f98c9ca6b0 method=java.net.URI.needsNormalization(Ljava/lang/String;)I @ 62
Event: 7312.584 Thread 0x000001f99fa3c000 Uncommon trap: reason=unstable_if action=reinterpret pc=0x000001f98cc86810 method=com.android.tools.r8.graph.ObjectToOffsetMapping.a(Ljava/util/Collection;Ljava/util/function/Consumer;)Lcom/android/tools/r8/n/a/a/a/h/I0; @ 85
Event: 7312.683 Thread 0x000001f99fa3c000 Uncommon trap: reason=predicate action=maybe_recompile pc=0x000001f99120f570 method=java.util.LinkedList.toArray([Ljava/lang/Object;)[Ljava/lang/Object; @ 45
Event: 7312.690 Thread 0x000001f99fa3c000 Uncommon trap: reason=array_check action=maybe_recompile pc=0x000001f991214e00 method=java.util.LinkedList.toArray([Ljava/lang/Object;)[Ljava/lang/Object; @ 55
Event: 7312.691 Thread 0x000001f99fa3c000 Uncommon trap: reason=array_check action=maybe_recompile pc=0x000001f991214e00 method=java.util.LinkedList.toArray([Ljava/lang/Object;)[Ljava/lang/Object; @ 55
Event: 7312.691 Thread 0x000001f99fa3c000 Uncommon trap: reason=array_check action=maybe_recompile pc=0x000001f991214e00 method=java.util.LinkedList.toArray([Ljava/lang/Object;)[Ljava/lang/Object; @ 55
Event: 7312.692 Thread 0x000001f99fa3c000 Uncommon trap: reason=array_check action=maybe_recompile pc=0x000001f991214e00 method=java.util.LinkedList.toArray([Ljava/lang/Object;)[Ljava/lang/Object; @ 55
Event: 7312.710 Thread 0x000001f99fa3c000 Uncommon trap: reason=unstable_if action=reinterpret pc=0x000001f99113bca4 method=com.android.tools.r8.graph.ParameterAnnotationsList.isEmpty()Z @ 5

Classes redefined (0 events):
No events

Internal exceptions (10 events):
Event: 7296.975 Thread 0x000001f9a0877000 Exception <a 'sun/nio/fs/WindowsException'> (0x00000000fbcecba0) thrown at [C:\jenkins\workspace\8-2-build-windows-amd64-cygwin\jdk8u261\295\hotspot\src\share\vm\prims\jni.cpp, line 710]
Event: 7296.976 Thread 0x000001f9a0877000 Exception <a 'sun/nio/fs/WindowsException'> (0x00000000fbcf30c8) thrown at [C:\jenkins\workspace\8-2-build-windows-amd64-cygwin\jdk8u261\295\hotspot\src\share\vm\prims\jni.cpp, line 710]
Event: 7296.977 Thread 0x000001f9a0877000 Exception <a 'sun/nio/fs/WindowsException'> (0x00000000fbcf9600) thrown at [C:\jenkins\workspace\8-2-build-windows-amd64-cygwin\jdk8u261\295\hotspot\src\share\vm\prims\jni.cpp, line 710]
Event: 7296.978 Thread 0x000001f9a0877000 Exception <a 'sun/nio/fs/WindowsException'> (0x00000000fbdc09c0) thrown at [C:\jenkins\workspace\8-2-build-windows-amd64-cygwin\jdk8u261\295\hotspot\src\share\vm\prims\jni.cpp, line 710]
Event: 7296.979 Thread 0x000001f9a0877000 Exception <a 'sun/nio/fs/WindowsException'> (0x00000000fbe07ee0) thrown at [C:\jenkins\workspace\8-2-build-windows-amd64-cygwin\jdk8u261\295\hotspot\src\share\vm\prims\jni.cpp, line 710]
Event: 7304.760 Thread 0x000001f9a298a800 Exception <a 'java/lang/NoSuchMethodError': <clinit>> (0x00000000fd348a68) thrown at [C:\jenkins\workspace\8-2-build-windows-amd64-cygwin\jdk8u261\295\hotspot\src\share\vm\prims\jni.cpp, line 1615]
Event: 7305.126 Thread 0x000001f99dfcf800 Exception <a 'sun/nio/fs/WindowsException'> (0x00000000f6a8ed80) thrown at [C:\jenkins\workspace\8-2-build-windows-amd64-cygwin\jdk8u261\295\hotspot\src\share\vm\prims\jni.cpp, line 710]
Event: 7305.233 Thread 0x000001f9a087c800 Exception <a 'sun/nio/fs/WindowsException'> (0x00000000f82571c0) thrown at [C:\jenkins\workspace\8-2-build-windows-amd64-cygwin\jdk8u261\295\hotspot\src\share\vm\prims\jni.cpp, line 710]
Event: 7305.591 Thread 0x000001f99fa3f800 Implicit null exception at 0x000001f98d21192f to 0x000001f98d211a1d
Event: 7306.895 Thread 0x000001f99fa41800 Exception <a 'sun/nio/fs/WindowsException'> (0x00000000fc904c48) thrown at [C:\jenkins\workspace\8-2-build-windows-amd64-cygwin\jdk8u261\295\hotspot\src\share\vm\prims\jni.cpp, line 710]

Events (10 events):
Event: 7312.691 Thread 0x000001f99fa3c000 DEOPT PACKING pc=0x000001f991214e00 sp=0x000000bf2b1fe310
Event: 7312.691 Thread 0x000001f99fa3c000 DEOPT UNPACKING pc=0x000001f98c895843 sp=0x000000bf2b1fe2a0 mode 2
Event: 7312.692 Thread 0x000001f99fa3c000 Uncommon trap: trap_request=0xffffffd6 fr.pc=0x000001f991214e00
Event: 7312.692 Thread 0x000001f99fa3c000 DEOPT PACKING pc=0x000001f991214e00 sp=0x000000bf2b1fe310
Event: 7312.692 Thread 0x000001f99fa3c000 DEOPT UNPACKING pc=0x000001f98c895843 sp=0x000000bf2b1fe2a0 mode 2
Event: 7312.710 Thread 0x000001f99fa3c000 Uncommon trap: trap_request=0xffffff65 fr.pc=0x000001f99113bca4
Event: 7312.710 Thread 0x000001f99fa3c000 DEOPT PACKING pc=0x000001f99113bca4 sp=0x000000bf2b1fe570
Event: 7312.710 Thread 0x000001f99fa3c000 DEOPT UNPACKING pc=0x000001f98c895843 sp=0x000000bf2b1fe398 mode 2
Event: 7312.737 Thread 0x000001f99fa3c000 DEOPT PACKING pc=0x000001f98e681d39 sp=0x000000bf2b1fe270
Event: 7312.738 Thread 0x000001f99fa3c000 DEOPT UNPACKING pc=0x000001f98c897898 sp=0x000000bf2b1fe050 mode 0


Dynamic libraries:
0x00007ff6b00b0000 - 0x00007ff6b00f7000 	C:\Program Files\Java\jdk1.8.0_261\bin\java.exe
0x00007ffb4b380000 - 0x00007ffb4b570000 	C:\WINDOWS\SYSTEM32\ntdll.dll
0x00007ffb49ae0000 - 0x00007ffb49b92000 	C:\WINDOWS\System32\KERNEL32.DLL
0x00007ffb48e70000 - 0x00007ffb49115000 	C:\WINDOWS\System32\KERNELBASE.dll
0x00007ffb4ad60000 - 0x00007ffb4ae03000 	C:\WINDOWS\System32\ADVAPI32.dll
0x00007ffb4a900000 - 0x00007ffb4a99e000 	C:\WINDOWS\System32\msvcrt.dll
0x00007ffb49f90000 - 0x00007ffb4a027000 	C:\WINDOWS\System32\sechost.dll
0x00007ffb49e00000 - 0x00007ffb49f1f000 	C:\WINDOWS\System32\RPCRT4.dll
0x00007ffb4a9a0000 - 0x00007ffb4ab34000 	C:\WINDOWS\System32\USER32.dll
0x00007ffb48bc0000 - 0x00007ffb48be1000 	C:\WINDOWS\System32\win32u.dll
0x00007ffb4a7f0000 - 0x00007ffb4a816000 	C:\WINDOWS\System32\GDI32.dll
0x00007ffb49290000 - 0x00007ffb49428000 	C:\WINDOWS\System32\gdi32full.dll
0x00007ffb491d0000 - 0x00007ffb4926e000 	C:\WINDOWS\System32\msvcp_win.dll
0x00007ffb48d70000 - 0x00007ffb48e6a000 	C:\WINDOWS\System32\ucrtbase.dll
0x00007ffb3ac80000 - 0x00007ffb3af04000 	C:\WINDOWS\WinSxS\amd64_microsoft.windows.common-controls_6595b64144ccf1df_6.0.18362.1316_none_9e7a364fe461dbd7\COMCTL32.dll
0x00007ffb49640000 - 0x00007ffb49977000 	C:\WINDOWS\System32\combase.dll
0x00007ffb48a80000 - 0x00007ffb48b01000 	C:\WINDOWS\System32\bcryptPrimitives.dll
0x00007ffb49ba0000 - 0x00007ffb49bce000 	C:\WINDOWS\System32\IMM32.DLL
0x00007ffb39b40000 - 0x00007ffb39b55000 	C:\Program Files\Java\jdk1.8.0_261\jre\bin\vcruntime140.dll
0x00007ffb370b0000 - 0x00007ffb3714b000 	C:\Program Files\Java\jdk1.8.0_261\jre\bin\msvcp140.dll
0x000000006f3e0000 - 0x000000006fc4c000 	C:\Program Files\Java\jdk1.8.0_261\jre\bin\server\jvm.dll
0x00007ffb49430000 - 0x00007ffb49438000 	C:\WINDOWS\System32\PSAPI.DLL
0x00007ffb3e0e0000 - 0x00007ffb3e0e9000 	C:\WINDOWS\SYSTEM32\WSOCK32.dll
0x00007ffb49f20000 - 0x00007ffb49f8f000 	C:\WINDOWS\System32\WS2_32.dll
0x00007ffb451b0000 - 0x00007ffb451d4000 	C:\WINDOWS\SYSTEM32\WINMM.dll
0x00007ffb3f8e0000 - 0x00007ffb3f8ea000 	C:\WINDOWS\SYSTEM32\VERSION.dll
0x00007ffb45180000 - 0x00007ffb451ad000 	C:\WINDOWS\SYSTEM32\WINMMBASE.dll
0x00007ffb49180000 - 0x00007ffb491ca000 	C:\WINDOWS\System32\cfgmgr32.dll
0x00007ffb48240000 - 0x00007ffb48251000 	C:\WINDOWS\System32\kernel.appcore.dll
0x00007ffb39d50000 - 0x00007ffb39d60000 	C:\Program Files\Java\jdk1.8.0_261\jre\bin\verify.dll
0x00007ffb36fe0000 - 0x00007ffb3700b000 	C:\Program Files\Java\jdk1.8.0_261\jre\bin\java.dll
0x00007ffb36f40000 - 0x00007ffb36f58000 	C:\Program Files\Java\jdk1.8.0_261\jre\bin\zip.dll
0x00007ffb4a100000 - 0x00007ffb4a7e8000 	C:\WINDOWS\System32\SHELL32.dll
0x00007ffb4b290000 - 0x00007ffb4b337000 	C:\WINDOWS\System32\shcore.dll
0x00007ffb48300000 - 0x00007ffb48a7b000 	C:\WINDOWS\System32\windows.storage.dll
0x00007ffb48260000 - 0x00007ffb48283000 	C:\WINDOWS\System32\profapi.dll
0x00007ffb482b0000 - 0x00007ffb482fa000 	C:\WINDOWS\System32\powrprof.dll
0x00007ffb48230000 - 0x00007ffb48240000 	C:\WINDOWS\System32\UMPDC.dll
0x00007ffb4a820000 - 0x00007ffb4a872000 	C:\WINDOWS\System32\shlwapi.dll
0x00007ffb49270000 - 0x00007ffb49287000 	C:\WINDOWS\System32\cryptsp.dll
0x00007ffb36f20000 - 0x00007ffb36f3c000 	C:\Program Files\Java\jdk1.8.0_261\jre\bin\net.dll
0x00007ffb47a70000 - 0x00007ffb47ad7000 	C:\WINDOWS\system32\mswsock.dll
0x00007ffb36f00000 - 0x00007ffb36f13000 	C:\Program Files\Java\jdk1.8.0_261\jre\bin\nio.dll
0x00007ffb33b20000 - 0x00007ffb33b4a000 	C:\Users\lenovo\.gradle\native\36\windows-amd64\native-platform.dll
0x00007ffb39090000 - 0x00007ffb3909d000 	C:\Program Files\Java\jdk1.8.0_261\jre\bin\management.dll
0x00007ffb475f0000 - 0x00007ffb47623000 	C:\WINDOWS\system32\rsaenh.dll
0x00007ffb48bf0000 - 0x00007ffb48c16000 	C:\WINDOWS\System32\bcrypt.dll
0x00007ffb48150000 - 0x00007ffb48175000 	C:\WINDOWS\SYSTEM32\USERENV.dll
0x00007ffb47c40000 - 0x00007ffb47c4c000 	C:\WINDOWS\SYSTEM32\CRYPTBASE.dll
0x00007ffb47780000 - 0x00007ffb477ba000 	C:\WINDOWS\SYSTEM32\IPHLPAPI.DLL
0x00007ffb4ae10000 - 0x00007ffb4ae18000 	C:\WINDOWS\System32\NSI.dll
0x00007ffb3f250000 - 0x00007ffb3f266000 	C:\WINDOWS\SYSTEM32\dhcpcsvc6.DLL
0x00007ffb3f750000 - 0x00007ffb3f76c000 	C:\WINDOWS\SYSTEM32\dhcpcsvc.DLL
0x00007ffb477c0000 - 0x00007ffb4788b000 	C:\WINDOWS\SYSTEM32\DNSAPI.dll
0x00007ffb33af0000 - 0x00007ffb33b14000 	C:\Program Files\Java\jdk1.8.0_261\jre\bin\sunec.dll
0x00007ffb3b4e0000 - 0x00007ffb3b4ea000 	C:\Windows\System32\rasadhlp.dll
0x00007ffb3f140000 - 0x00007ffb3f1b7000 	C:\WINDOWS\System32\fwpuclnt.dll
0x00007ffb37030000 - 0x00007ffb3703d000 	C:\Program Files\Java\jdk1.8.0_261\jre\bin\sunmscapi.dll
0x00007ffb48c20000 - 0x00007ffb48d6a000 	C:\WINDOWS\System32\CRYPT32.dll
0x00007ffb48290000 - 0x00007ffb482a2000 	C:\WINDOWS\System32\MSASN1.dll
0x00007ffb47d40000 - 0x00007ffb47d66000 	C:\WINDOWS\SYSTEM32\ncrypt.dll
0x00007ffb47d00000 - 0x00007ffb47d3b000 	C:\WINDOWS\SYSTEM32\NTASN1.dll
0x00007ffb22000000 - 0x00007ffb22194000 	C:\Program Files\Java\jdk1.8.0_261\jre\bin\awt.dll
0x00007ffb494f0000 - 0x00007ffb495b5000 	C:\WINDOWS\System32\OLEAUT32.dll
0x00007ffb46110000 - 0x00007ffb4619f000 	C:\WINDOWS\SYSTEM32\apphelp.dll
0x00007ffb462b0000 - 0x00007ffb46349000 	C:\WINDOWS\system32\uxtheme.dll
0x00007ffb4abc0000 - 0x00007ffb4acf5000 	C:\WINDOWS\System32\MSCTF.dll
0x00007ffb49980000 - 0x00007ffb49ad7000 	C:\WINDOWS\System32\ole32.dll
0x00007ffb47270000 - 0x00007ffb472a1000 	C:\WINDOWS\SYSTEM32\ntmarta.dll

VM Arguments:
jvm_args: -XX:MaxMetaspaceSize=256m -XX:+HeapDumpOnOutOfMemoryError -Xms256m -Xmx512m -Dfile.encoding=windows-1252 -Duser.country=GB -Duser.language=en -Duser.variant 
java_command: org.gradle.launcher.daemon.bootstrap.GradleDaemon 6.2
java_class_path (initial): C:\Users\lenovo\.gradle\wrapper\dists\gradle-6.2-all\dvufqs6kielxeao781pmk5huj\gradle-6.2\lib\gradle-launcher-6.2.jar
Launcher Type: SUN_STANDARD

Environment Variables:
JAVA_HOME=C:\Program Files\Java\jdk1.8.0_261
CLASSPATH=D:\Nstek\MultiToys\android\\gradle\wrapper\gradle-wrapper.jar
PATH=D:\Nstek\MultiToys\android\node_modules\.bin;D:\Nstek\MultiToys\node_modules\.bin;D:\Nstek\node_modules\.bin;D:\node_modules\.bin;C:\Program Files\nodejs;D:\Nstek\MultiToys\node_modules\.bin;C:\Program Files\Git\mingw64\bin;C:\Program Files\Git\usr\bin;C:\Users\lenovo\bin;C:\Program Files\ImageMagick-7.0.10-Q16-HDRI;C:\WINDOWS\system32;C:\WINDOWS;C:\WINDOWS\System32\Wbem;C:\WINDOWS\System32\WindowsPowerShell\v1.0;C:\WINDOWS\System32\OpenSSH;C:\Program Files\Microsoft VS Code\bin;C:\Program Files\nodejs;C:\xampp\php;C:\ProgramData\ComposerSetup\bin;C:\Program Files (x86)\Yarn\bin;C:\Program Files\Git\cmd;C:\ProgramData\chocolatey\bin;C:\cmder\bin;C:\Program Files\Java\jdk1.8.0_261\bin;C:\Program Files\Java\jre1.8.0_261\bin;C:\xampp\apache\bin;C:\android\bin;C:\Gradle\bin;C:\android\tools\bin;C:\android\tools;C:\android\platform-tools;C:\android\build-tools\29.0.3;C:\Program Files\PuTTY;C:\Users\lenovo\.windows-build-tools\python27;C:\Users\lenovo\AppData\Local\Microsoft\WindowsApps;C:\Users\lenovo\AppData\Roaming\npm;C:\Users\lenovo\AppData\Roaming\Composer\vendor\bin;C:\Users\lenovo\AppData\Local\Yarn\bin
USERNAME=lenovo
OS=Windows_NT
PROCESSOR_IDENTIFIER=Intel64 Family 6 Model 69 Stepping 1, GenuineIntel



---------------  S Y S T E M  ---------------

OS: Windows 10.0 , 64 bit Build 18362 (10.0.18362.1316)

CPU:total 4 (initial active 4) (2 cores per cpu, 2 threads per core) family 6 model 69 stepping 1, cmov, cx8, fxsr, mmx, sse, sse2, sse3, ssse3, sse4.1, sse4.2, popcnt, avx, avx2, aes, clmul, erms, lzcnt, ht, tsc, tscinvbit, bmi1, bmi2

Memory: 4k page, physical 8283244k(403816k free), swap 24786920k(3260k free)

vm_info: Java HotSpot(TM) 64-Bit Server VM (25.261-b12) for windows-amd64 JRE (1.8.0_261-b12), built on Jun 18 2020 06:56:32 by "" with unknown MS VC++:1916

time: Tue May  4 13:33:03 2021
timezone: SE Asia Standard Time
elapsed time: 7313 seconds (0d 2h 1m 53s)

